<?xml version="1.0" encoding="UTF-8"?>
<testsuite xmlns:xsi="http://www.w3.org/2001/XMLSchema-instance" xsi:noNamespaceSchemaLocation="https://maven.apache.org/surefire/maven-surefire-plugin/xsd/surefire-test-report-3.0.xsd" version="3.0" name="org.example.JPATest" time="0.596" tests="1" errors="0" skipped="0" failures="0">
  <properties>
[...]
</properties>
  <testcase name="performJPABuddyInfo" classname="org.example.JPATest" time="0.595">
    <system-out><![CDATA[[EL Info]: 2023-09-18 11:40:15.639--ServerSession(746115872)--EclipseLink, version: Eclipse Persistence Services - 2.5.0.v20130507-3faac2b
[EL Info]: connection: 2023-09-18 11:40:15.7--Not able to detect platform for vendor name [SQLite3]. Defaulting to [org.eclipse.persistence.platform.database.DatabasePlatform]. The database dialect used may not match with the database you are using. Please explicitly provide a platform using property eclipselink.platform.class.name.
[EL Info]: connection: 2023-09-18 11:40:15.725--ServerSession(746115872)--file:/C:/Users/Akshay/IdeaProjects/SYSC4806/_4806 Lab 2/target/classes/_jpa-test login successful
[EL Warning]: 2023-09-18 11:40:15.748--ServerSession(746115872)--Exception [EclipseLink-4002] (Eclipse Persistence Services - 2.5.0.v20130507-3faac2b): org.eclipse.persistence.exceptions.DatabaseException
Internal Exception: java.sql.SQLException: [SQLITE_ERROR] SQL error or missing database (near "CONSTRAINT": syntax error)
Error Code: 0
Call: ALTER TABLE ADDRESSBOOK_BUDDYINFO ADD CONSTRAINT FK_ADDRESSBOOK_BUDDYINFO_AddressBook_ID FOREIGN KEY (AddressBook_ID) REFERENCES ADDRESSBOOK (ID)
Query: DataModifyQuery(sql="ALTER TABLE ADDRESSBOOK_BUDDYINFO ADD CONSTRAINT FK_ADDRESSBOOK_BUDDYINFO_AddressBook_ID FOREIGN KEY (AddressBook_ID) REFERENCES ADDRESSBOOK (ID)")
List of BuddyInfos
----------------
Jamal (id=2)
Tennis racket (id=1)

List of AddressBooks
----------------
(id=1)
[EL Info]: connection: 2023-09-18 11:40:15.899--ServerSession(746115872)--file:/C:/Users/Akshay/IdeaProjects/SYSC4806/_4806 Lab 2/target/classes/_jpa-test logout successful
]]></system-out>
  </testcase>
</testsuite>